<?xml version="1.0" encoding="utf-8"?><testsuites name="pytest tests"><testsuite name="pytest" errors="0" failures="0" skipped="0" tests="27" time="0.453" timestamp="2025-10-25T02:20:08.479639-06:00" hostname="JRComputer"><testcase classname="tests.test_cli.TestCLI" name="test_cli_basic_usage" time="0.005" /><testcase classname="tests.test_cli.TestCLI" name="test_cli_custom_encoding" time="0.001" /><testcase classname="tests.test_cli.TestCLI" name="test_cli_custom_output" time="0.001" /><testcase classname="tests.test_cli.TestCLI" name="test_cli_verbose_output" time="0.001" /><testcase classname="tests.test_cli.TestCLI" name="test_cli_short_options" time="0.001" /><testcase classname="tests.test_cli.TestCLI" name="test_cli_nonexistent_file" time="0.014" /><testcase classname="tests.test_cli.TestCLI" name="test_cli_unsupported_encoding" time="0.001" /><testcase classname="tests.test_cli.TestCLI" name="test_cli_help" time="0.001" /><testcase classname="tests.test_cli.TestCLI" name="test_cli_encoding_help" time="0.001" /><testcase classname="tests.test_cli.TestCLI" name="test_cli_unicode_content" time="0.001" /><testcase classname="tests.test_encoder.TestFileEncoder" name="test_encode_file_default_encoding" time="0.001" /><testcase classname="tests.test_encoder.TestFileEncoder" name="test_encode_file_custom_encoding" time="0.001" /><testcase classname="tests.test_encoder.TestFileEncoder" name="test_encode_file_custom_output_path" time="0.001" /><testcase classname="tests.test_encoder.TestFileEncoder" name="test_encode_file_nonexistent_file" time="0.002" /><testcase classname="tests.test_encoder.TestFileEncoder" name="test_encode_file_unsupported_encoding" time="0.001" /><testcase classname="tests.test_encoder.TestFileEncoder" name="test_encode_file_unicode_content" time="0.001" /><testcase classname="tests.test_encoder.TestFileEncoder" name="test_encode_file_latin1_encoding" time="0.001" /><testcase classname="tests.test_encoder.TestFileEncoder" name="test_get_file_encoding" time="0.001" /><testcase classname="tests.test_encoder.TestFileEncoder" name="test_supported_encodings_list" time="0.000" /><testcase classname="tests.test_encoder.TestFileEncoder" name="test_default_encoding" time="0.001" /><testcase classname="tests.test_encoder.TestFileEncoder" name="test_read_file_with_fallback_success" time="0.001" /><testcase classname="tests.test_encoder.TestFileEncoder" name="test_output_filename_generation" time="0.001" /><testcase classname="tests.test_integration.TestIntegration" name="test_end_to_end_workflow" time="0.002" /><testcase classname="tests.test_integration.TestIntegration" name="test_multiple_encoding_conversions" time="0.001" /><testcase classname="tests.test_integration.TestIntegration" name="test_large_file_encoding" time="0.002" /><testcase classname="tests.test_integration.TestIntegration" name="test_various_file_extensions" time="0.002" /><testcase classname="tests.test_integration.TestIntegration" name="test_utf16_encoding_with_bom" time="0.001" /></testsuite></testsuites>